------------------------------------------------------------
/usr/bin/pip run on Thu Oct 30 11:28:43 2014
Downloading/unpacking python-epc
  Getting page https://pypi.python.org/simple/python-epc/
  Could not fetch URL https://pypi.python.org/simple/python-epc/: 404 Client Error: Not Found
  Will skip URL https://pypi.python.org/simple/python-epc/ when looking for download links for python-epc
  Getting page https://pypi.python.org/simple/
  URLs to search for versions for python-epc:
  * https://pypi.python.org/simple/python-epc/
  Getting page https://pypi.python.org/simple/python-epc/
  Could not fetch URL https://pypi.python.org/simple/python-epc/: 404 Client Error: Not Found
  Will skip URL https://pypi.python.org/simple/python-epc/ when looking for download links for python-epc
  Could not find any downloads that satisfy the requirement python-epc
Cleaning up...
  Removing temporary dir /tmp/pip_build_szhongren...
No distributions at all found for python-epc
Exception information:
Traceback (most recent call last):
  File "/usr/lib/python2.7/site-packages/pip/basecommand.py", line 122, in main
    status = self.run(options, args)
  File "/usr/lib/python2.7/site-packages/pip/commands/install.py", line 278, in run
    requirement_set.prepare_files(finder, force_root_egg_info=self.bundle, bundle=self.bundle)
  File "/usr/lib/python2.7/site-packages/pip/req.py", line 1177, in prepare_files
    url = finder.find_requirement(req_to_install, upgrade=self.upgrade)
  File "/usr/lib/python2.7/site-packages/pip/index.py", line 277, in find_requirement
    raise DistributionNotFound('No distributions at all found for %s' % req)
DistributionNotFound: No distributions at all found for python-epc
